  CodeGeneration.cpp
C:\Users\Selevn\Desktop\учеба\Kursach\SII-2020\SII-2020\CodeGeneration.cpp(23,16): warning C4101: func: неиспользованная локальная переменная
  Error.cpp
  FST.cpp
C:\Users\Selevn\Desktop\учеба\Kursach\SII-2020\SII-2020\FST.cpp(122,36): warning C4267: инициализация: преобразование из "size_t" в "short"; возможна потеря данных
C:\Users\Selevn\Desktop\учеба\Kursach\SII-2020\SII-2020\FST.cpp(1231,30): warning C4267: инициализация: преобразование из "size_t" в "int"; возможна потеря данных
C:\Users\Selevn\Desktop\учеба\Kursach\SII-2020\SII-2020\FST.cpp(1238,45): warning C4267: инициализация: преобразование из "size_t" в "int"; возможна потеря данных
C:\Users\Selevn\Desktop\учеба\Kursach\SII-2020\SII-2020\FST.cpp(1541,45): warning C4267: инициализация: преобразование из "size_t" в "int"; возможна потеря данных
  GRB.cpp
  In.cpp
C:\Users\Selevn\Desktop\учеба\Kursach\SII-2020\SII-2020\In.cpp(22,13): warning C4244: инициализация: преобразование "std::streamoff" в "int", возможна потеря данных
C:\Users\Selevn\Desktop\учеба\Kursach\SII-2020\SII-2020\In.cpp(121,33): warning C4267: инициализация: преобразование из "size_t" в "int"; возможна потеря данных
  IT.cpp
  Log.cpp
  LT.cpp
  MFST.cpp
  NotaciaPolska.cpp
C:\Users\Selevn\Desktop\учеба\Kursach\SII-2020\SII-2020\NotaciaPolska.cpp(72,30): warning C4267: инициализация: преобразование из "size_t" в "int"; возможна потеря данных
  Out.cpp
  Parm.cpp
C:\Users\Selevn\Desktop\учеба\Kursach\SII-2020\SII-2020\Parm.cpp(18,47): warning C4267: инициализация: преобразование из "size_t" в "int"; возможна потеря данных
C:\Users\Selevn\Desktop\учеба\Kursach\SII-2020\SII-2020\Parm.cpp(18,47): warning C4267: инициализация: преобразование из "size_t" в "const int"; возможна потеря данных
C:\Users\Selevn\Desktop\учеба\Kursach\SII-2020\SII-2020\Parm.cpp(19,11): warning C4101: wst: неиспользованная локальная переменная
  Semantic.cpp
  SII-2020.cpp
C:\Users\Selevn\Desktop\учеба\Kursach\SII-2020\SII-2020\SII-2020.cpp(35,46): warning C4267: аргумент: преобразование из "size_t" в "int"; возможна потеря данных
C:\Users\Selevn\Desktop\учеба\Kursach\SII-2020\SII-2020\SII-2020.cpp(35,76): warning C4267: аргумент: преобразование из "size_t" в "int"; возможна потеря данных
  Создание кода
  Previous IPDB not found, fall back to full compilation.
  All 927 functions were compiled because no usable IPDB/IOBJ from previous compilation was found.
  Создание кода завершено
  SII-2020.vcxproj -> C:\Users\Selevn\Desktop\учеба\Kursach\SII-2020\x64\Release\SII-2020.exe
